<?xml version="1.0" encoding="UTF-8"?>
<!-- Generated by org.testng.reporters.JUnitXMLReporter -->
<testsuite hostname="DESKTOP-LO1IC0C" failures="1" tests="1" name="Test" time="9.679" errors="0" timestamp="21 Dec 2023 05:40:59 GMT">
  <testcase classname="userRegistrationTset.UserRegestrationTest" name="userRegistration" time="0.005">
    <failure type="java.lang.NullPointerException" message="Cannot invoke &amp;quot;pageObjectsUserRegistration.LetsBeginPage.letsBegin()&amp;quot; because &amp;quot;this.begin&amp;quot; is null">
      <![CDATA[java.lang.NullPointerException: Cannot invoke "pageObjectsUserRegistration.LetsBeginPage.letsBegin()" because "this.begin" is null
	at userRegistrationTset.UserRegestrationTest.userRegistration(UserRegestrationTest.java:65)
... Removed 24 stack frames]]>
    </failure>
  </testcase> <!-- userRegistration -->
</testsuite> <!-- Test -->
