<?xml version="1.0" encoding="UTF-8"?>
<testng-results total="0" passed="0" failed="0" skipped="0">
  <reporter-output>
  </reporter-output>
  <suite started-at="2023-12-31T04:53:33Z" name="Suite" finished-at="2023-12-31T04:53:48Z" duration-ms="14206">
    <groups>
    </groups>
    <test started-at="2023-12-31T04:53:33Z" name="Test" finished-at="2023-12-31T04:53:48Z" duration-ms="14206">
      <class name="baseComponent.BaseCompo">
        <test-method is-config="true" signature="landingPage()[pri:0, instance:baseComponent.BaseCompo@8519cb4]" started-at="2023-12-31T10:23:33Z" name="landingPage" finished-at="2023-12-31T10:23:47Z" duration-ms="13954" status="PASS">
          <reporter-output>
          </reporter-output>
        </test-method> <!-- landingPage -->
        <test-method is-config="true" signature="tearDown()[pri:0, instance:baseComponent.BaseCompo@8519cb4]" started-at="2023-12-31T10:23:47Z" name="tearDown" finished-at="2023-12-31T10:23:48Z" duration-ms="245" status="PASS">
          <reporter-output>
          </reporter-output>
        </test-method> <!-- tearDown -->
      </class> <!-- baseComponent.BaseCompo -->
    </test> <!-- Test -->
  </suite> <!-- Suite -->
</testng-results>
